2017:03:11 16:47:44.867 INFO  --- [main] me.gomko.SkhuBotApplication : Starting SkhuBotApplication on SAMSUNG with PID 16592 (C:\Users\USER\skhu\skhu-bot\build\classes\main started by USER in C:\Users\USER\skhu\skhu-bot) 
2017:03:11 16:47:44.923 INFO  --- [main] me.gomko.SkhuBotApplication : No active profile set, falling back to default profiles: default 
2017:03:11 16:47:45.135 INFO  --- [main] o.s.b.c.e.AnnotationConfigEmbeddedWebApplicationContext : Refreshing org.springframework.boot.context.embedded.AnnotationConfigEmbeddedWebApplicationContext@dd05255: startup date [Sat Mar 11 16:47:45 KST 2017]; root of context hierarchy 
2017:03:11 16:47:50.868 INFO  --- [main] o.s.c.s.PostProcessorRegistrationDelegate$BeanPostProcessorChecker : Bean 'org.springframework.transaction.annotation.ProxyTransactionManagementConfiguration' of type [org.springframework.transaction.annotation.ProxyTransactionManagementConfiguration$$EnhancerBySpringCGLIB$$c8094f1] is not eligible for getting processed by all BeanPostProcessors (for example: not eligible for auto-proxying) 
2017:03:11 16:47:52.230 INFO  --- [main] o.s.b.c.e.t.TomcatEmbeddedServletContainer : Tomcat initialized with port(s): 8080 (http) 
2017:03:11 16:47:52.293 INFO  --- [main] o.a.catalina.core.StandardService : Starting service Tomcat 
2017:03:11 16:47:52.302 INFO  --- [main] o.a.catalina.core.StandardEngine : Starting Servlet Engine: Apache Tomcat/8.5.11 
2017:03:11 16:47:53.209 INFO  --- [localhost-startStop-1] o.a.c.c.C.[Tomcat].[localhost].[/] : Initializing Spring embedded WebApplicationContext 
2017:03:11 16:47:53.213 INFO  --- [localhost-startStop-1] o.s.web.context.ContextLoader : Root WebApplicationContext: initialization completed in 8078 ms 
2017:03:11 16:47:53.975 INFO  --- [localhost-startStop-1] o.s.b.w.s.ServletRegistrationBean : Mapping servlet: 'dispatcherServlet' to [/] 
2017:03:11 16:47:53.981 INFO  --- [localhost-startStop-1] o.s.b.w.s.ServletRegistrationBean : Mapping servlet: 'webServlet' to [/h2-console/*] 
2017:03:11 16:47:54.001 INFO  --- [localhost-startStop-1] o.s.b.w.s.FilterRegistrationBean : Mapping filter: 'hiddenHttpMethodFilter' to: [/*] 
2017:03:11 16:47:54.003 INFO  --- [localhost-startStop-1] o.s.b.w.s.FilterRegistrationBean : Mapping filter: 'httpPutFormContentFilter' to: [/*] 
2017:03:11 16:47:54.004 INFO  --- [localhost-startStop-1] o.s.b.w.s.FilterRegistrationBean : Mapping filter: 'requestContextFilter' to: [/*] 
2017:03:11 16:47:54.004 INFO  --- [localhost-startStop-1] o.s.b.w.s.FilterRegistrationBean : Mapping filter: 'corsFilter' to: [/*] 
2017:03:11 16:47:54.005 INFO  --- [localhost-startStop-1] o.s.b.w.s.FilterRegistrationBean : Mapping filter: 'characterEncodingFilter' to: [/*] 
2017:03:11 16:47:55.455 INFO  --- [main] o.s.o.j.LocalContainerEntityManagerFactoryBean : Building JPA container EntityManagerFactory for persistence unit 'default' 
2017:03:11 16:47:55.485 INFO  --- [main] o.h.jpa.internal.util.LogHelper : HHH000204: Processing PersistenceUnitInfo [
	name: default
	...] 
2017:03:11 16:47:55.702 INFO  --- [main] org.hibernate.Version : HHH000412: Hibernate Core {5.0.12.Final} 
2017:03:11 16:47:55.706 INFO  --- [main] org.hibernate.cfg.Environment : HHH000206: hibernate.properties not found 
2017:03:11 16:47:55.709 INFO  --- [main] org.hibernate.cfg.Environment : HHH000021: Bytecode provider name : javassist 
2017:03:11 16:47:56.145 INFO  --- [main] o.h.annotations.common.Version : HCANN000001: Hibernate Commons Annotations {5.0.1.Final} 
2017:03:11 16:47:56.807 INFO  --- [main] org.hibernate.dialect.Dialect : HHH000400: Using dialect: org.hibernate.dialect.MySQL5InnoDBDialect 
2017:03:11 16:47:58.166 INFO  --- [main] o.h.tool.hbm2ddl.SchemaUpdate : HHH000228: Running hbm2ddl schema update 
2017:03:11 16:47:58.182 INFO  --- [main] o.h.t.s.e.i.InformationExtractorJdbcDatabaseMetaDataImpl : HHH000262: Table not found: api_info 
2017:03:11 16:47:58.183 INFO  --- [main] o.h.t.s.e.i.InformationExtractorJdbcDatabaseMetaDataImpl : HHH000262: Table not found: api_info 
2017:03:11 16:47:58.194 INFO  --- [main] o.h.t.s.e.i.InformationExtractorJdbcDatabaseMetaDataImpl : HHH000262: Table not found: manual 
2017:03:11 16:47:58.195 INFO  --- [main] o.h.t.s.e.i.InformationExtractorJdbcDatabaseMetaDataImpl : HHH000262: Table not found: manual 
2017:03:11 16:47:58.259 INFO  --- [main] o.s.o.j.LocalContainerEntityManagerFactoryBean : Initialized JPA EntityManagerFactory for persistence unit 'default' 
2017:03:11 16:47:58.339 INFO  --- [main] o.s.j.datasource.init.ScriptUtils : Executing SQL script from URL [file:/C:/Users/USER/skhu/skhu-bot/build/resources/main/data-h2.sql] 
2017:03:11 16:47:58.344 INFO  --- [main] o.s.j.datasource.init.ScriptUtils : Executed SQL script from URL [file:/C:/Users/USER/skhu/skhu-bot/build/resources/main/data-h2.sql] in 5 ms. 
2017:03:11 16:47:59.852 INFO  --- [main] o.s.w.s.m.m.a.RequestMappingHandlerAdapter : Looking for @ControllerAdvice: org.springframework.boot.context.embedded.AnnotationConfigEmbeddedWebApplicationContext@dd05255: startup date [Sat Mar 11 16:47:45 KST 2017]; root of context hierarchy 
2017:03:11 16:48:00.046 INFO  --- [main] o.s.w.s.m.m.a.RequestMappingHandlerMapping : Mapped "{[/api/v1/local/{text}],methods=[GET]}" onto public void me.gomko.api.controller.LocalTestController.test(java.lang.String) 
2017:03:11 16:48:00.052 INFO  --- [main] o.s.w.s.m.m.a.RequestMappingHandlerMapping : Mapped "{[/api/v1/webhook],methods=[GET]}" onto public java.lang.String me.gomko.api.controller.WebhookController.fbMessengerHook(java.lang.String,java.lang.String) 
2017:03:11 16:48:00.052 INFO  --- [main] o.s.w.s.m.m.a.RequestMappingHandlerMapping : Mapped "{[/api/v1/webhook],methods=[POST]}" onto public org.springframework.http.ResponseEntity<java.lang.Void> me.gomko.api.controller.WebhookController.handleMessage(me.gomko.api.controller.model.json.IncomingMessageData) 
2017:03:11 16:48:00.055 INFO  --- [main] o.s.w.s.m.m.a.RequestMappingHandlerMapping : Mapped "{[/error]}" onto public org.springframework.http.ResponseEntity<java.util.Map<java.lang.String, java.lang.Object>> org.springframework.boot.autoconfigure.web.BasicErrorController.error(javax.servlet.http.HttpServletRequest) 
2017:03:11 16:48:00.056 INFO  --- [main] o.s.w.s.m.m.a.RequestMappingHandlerMapping : Mapped "{[/error],produces=[text/html]}" onto public org.springframework.web.servlet.ModelAndView org.springframework.boot.autoconfigure.web.BasicErrorController.errorHtml(javax.servlet.http.HttpServletRequest,javax.servlet.http.HttpServletResponse) 
2017:03:11 16:48:00.148 INFO  --- [main] o.s.w.s.h.SimpleUrlHandlerMapping : Mapped URL path [/webjars/**] onto handler of type [class org.springframework.web.servlet.resource.ResourceHttpRequestHandler] 
2017:03:11 16:48:00.148 INFO  --- [main] o.s.w.s.h.SimpleUrlHandlerMapping : Mapped URL path [/**] onto handler of type [class org.springframework.web.servlet.resource.ResourceHttpRequestHandler] 
2017:03:11 16:48:00.266 INFO  --- [main] o.s.w.s.h.SimpleUrlHandlerMapping : Mapped URL path [/**/favicon.ico] onto handler of type [class org.springframework.web.servlet.resource.ResourceHttpRequestHandler] 
2017:03:11 16:48:00.882 INFO  --- [main] o.s.j.e.a.AnnotationMBeanExporter : Registering beans for JMX exposure on startup 
2017:03:11 16:48:00.983 INFO  --- [main] o.s.b.c.e.t.TomcatEmbeddedServletContainer : Tomcat started on port(s): 8080 (http) 
2017:03:11 16:48:00.990 INFO  --- [main] me.gomko.SkhuBotApplication : Started SkhuBotApplication in 17.912 seconds (JVM running for 19.771) 
