2017:03:11 16:39:23.519 INFO  --- [main] me.gomko.SkhuBotApplication : Starting SkhuBotApplication on SAMSUNG with PID 21580 (C:\Users\USER\skhu\skhu-bot\build\classes\main started by USER in C:\Users\USER\skhu\skhu-bot) 
2017:03:11 16:39:23.550 INFO  --- [main] me.gomko.SkhuBotApplication : No active profile set, falling back to default profiles: default 
2017:03:11 16:39:23.851 INFO  --- [main] o.s.b.c.e.AnnotationConfigEmbeddedWebApplicationContext : Refreshing org.springframework.boot.context.embedded.AnnotationConfigEmbeddedWebApplicationContext@dd05255: startup date [Sat Mar 11 16:39:23 KST 2017]; root of context hierarchy 
2017:03:11 16:39:27.441 INFO  --- [main] o.s.c.s.PostProcessorRegistrationDelegate$BeanPostProcessorChecker : Bean 'org.springframework.transaction.annotation.ProxyTransactionManagementConfiguration' of type [org.springframework.transaction.annotation.ProxyTransactionManagementConfiguration$$EnhancerBySpringCGLIB$$8dd48002] is not eligible for getting processed by all BeanPostProcessors (for example: not eligible for auto-proxying) 
2017:03:11 16:39:28.190 INFO  --- [main] o.s.b.c.e.t.TomcatEmbeddedServletContainer : Tomcat initialized with port(s): 8080 (http) 
2017:03:11 16:39:28.219 INFO  --- [main] o.a.catalina.core.StandardService : Starting service Tomcat 
2017:03:11 16:39:28.239 INFO  --- [main] o.a.catalina.core.StandardEngine : Starting Servlet Engine: Apache Tomcat/8.5.11 
2017:03:11 16:39:28.490 INFO  --- [localhost-startStop-1] o.a.c.c.C.[Tomcat].[localhost].[/] : Initializing Spring embedded WebApplicationContext 
2017:03:11 16:39:28.492 INFO  --- [localhost-startStop-1] o.s.web.context.ContextLoader : Root WebApplicationContext: initialization completed in 4641 ms 
2017:03:11 16:39:28.814 INFO  --- [localhost-startStop-1] o.s.b.w.s.ServletRegistrationBean : Mapping servlet: 'dispatcherServlet' to [/] 
2017:03:11 16:39:28.817 INFO  --- [localhost-startStop-1] o.s.b.w.s.ServletRegistrationBean : Mapping servlet: 'webServlet' to [/h2-console/*] 
2017:03:11 16:39:28.822 INFO  --- [localhost-startStop-1] o.s.b.w.s.FilterRegistrationBean : Mapping filter: 'hiddenHttpMethodFilter' to: [/*] 
2017:03:11 16:39:28.824 INFO  --- [localhost-startStop-1] o.s.b.w.s.FilterRegistrationBean : Mapping filter: 'httpPutFormContentFilter' to: [/*] 
2017:03:11 16:39:28.824 INFO  --- [localhost-startStop-1] o.s.b.w.s.FilterRegistrationBean : Mapping filter: 'requestContextFilter' to: [/*] 
2017:03:11 16:39:28.825 INFO  --- [localhost-startStop-1] o.s.b.w.s.FilterRegistrationBean : Mapping filter: 'corsFilter' to: [/*] 
2017:03:11 16:39:28.825 INFO  --- [localhost-startStop-1] o.s.b.w.s.FilterRegistrationBean : Mapping filter: 'characterEncodingFilter' to: [/*] 
2017:03:11 16:39:29.783 INFO  --- [main] o.s.o.j.LocalContainerEntityManagerFactoryBean : Building JPA container EntityManagerFactory for persistence unit 'default' 
2017:03:11 16:39:29.821 INFO  --- [main] o.h.jpa.internal.util.LogHelper : HHH000204: Processing PersistenceUnitInfo [
	name: default
	...] 
2017:03:11 16:39:29.944 INFO  --- [main] org.hibernate.Version : HHH000412: Hibernate Core {5.0.12.Final} 
2017:03:11 16:39:29.947 INFO  --- [main] org.hibernate.cfg.Environment : HHH000206: hibernate.properties not found 
2017:03:11 16:39:29.950 INFO  --- [main] org.hibernate.cfg.Environment : HHH000021: Bytecode provider name : javassist 
2017:03:11 16:39:30.155 INFO  --- [main] o.h.annotations.common.Version : HCANN000001: Hibernate Commons Annotations {5.0.1.Final} 
2017:03:11 16:39:30.368 INFO  --- [main] org.hibernate.dialect.Dialect : HHH000400: Using dialect: org.hibernate.dialect.MySQL5InnoDBDialect 
2017:03:11 16:39:31.358 INFO  --- [main] o.h.tool.hbm2ddl.SchemaUpdate : HHH000228: Running hbm2ddl schema update 
2017:03:11 16:39:31.405 INFO  --- [main] o.h.t.s.e.i.InformationExtractorJdbcDatabaseMetaDataImpl : HHH000262: Table not found: api_info 
2017:03:11 16:39:31.409 INFO  --- [main] o.h.t.s.e.i.InformationExtractorJdbcDatabaseMetaDataImpl : HHH000262: Table not found: api_info 
2017:03:11 16:39:31.442 INFO  --- [main] o.h.t.s.e.i.InformationExtractorJdbcDatabaseMetaDataImpl : HHH000262: Table not found: manual 
2017:03:11 16:39:31.447 INFO  --- [main] o.h.t.s.e.i.InformationExtractorJdbcDatabaseMetaDataImpl : HHH000262: Table not found: manual 
2017:03:11 16:39:31.808 INFO  --- [main] o.s.o.j.LocalContainerEntityManagerFactoryBean : Initialized JPA EntityManagerFactory for persistence unit 'default' 
2017:03:11 16:39:32.196 INFO  --- [main] o.s.j.datasource.init.ScriptUtils : Executing SQL script from URL [file:/C:/Users/USER/skhu/skhu-bot/build/resources/main/data-h2.sql] 
2017:03:11 16:39:32.228 INFO  --- [main] o.s.j.datasource.init.ScriptUtils : Executed SQL script from URL [file:/C:/Users/USER/skhu/skhu-bot/build/resources/main/data-h2.sql] in 30 ms. 
2017:03:11 16:39:34.985 INFO  --- [main] o.s.w.s.m.m.a.RequestMappingHandlerAdapter : Looking for @ControllerAdvice: org.springframework.boot.context.embedded.AnnotationConfigEmbeddedWebApplicationContext@dd05255: startup date [Sat Mar 11 16:39:23 KST 2017]; root of context hierarchy 
2017:03:11 16:39:35.161 INFO  --- [main] o.s.w.s.m.m.a.RequestMappingHandlerMapping : Mapped "{[/api/v1/local/{text}],methods=[GET]}" onto public void me.gomko.api.controller.LocalTestController.test(java.lang.String) 
2017:03:11 16:39:35.167 INFO  --- [main] o.s.w.s.m.m.a.RequestMappingHandlerMapping : Mapped "{[/api/v1/webhook],methods=[POST]}" onto public org.springframework.http.ResponseEntity<java.lang.Void> me.gomko.api.controller.WebhookController.handleMessage(me.gomko.api.controller.model.json.IncomingMessageData) 
2017:03:11 16:39:35.168 INFO  --- [main] o.s.w.s.m.m.a.RequestMappingHandlerMapping : Mapped "{[/api/v1/webhook],methods=[GET]}" onto public java.lang.String me.gomko.api.controller.WebhookController.fbMessengerHook(java.lang.String,java.lang.String) 
2017:03:11 16:39:35.172 INFO  --- [main] o.s.w.s.m.m.a.RequestMappingHandlerMapping : Mapped "{[/error]}" onto public org.springframework.http.ResponseEntity<java.util.Map<java.lang.String, java.lang.Object>> org.springframework.boot.autoconfigure.web.BasicErrorController.error(javax.servlet.http.HttpServletRequest) 
2017:03:11 16:39:35.173 INFO  --- [main] o.s.w.s.m.m.a.RequestMappingHandlerMapping : Mapped "{[/error],produces=[text/html]}" onto public org.springframework.web.servlet.ModelAndView org.springframework.boot.autoconfigure.web.BasicErrorController.errorHtml(javax.servlet.http.HttpServletRequest,javax.servlet.http.HttpServletResponse) 
2017:03:11 16:39:35.232 INFO  --- [main] o.s.w.s.h.SimpleUrlHandlerMapping : Mapped URL path [/webjars/**] onto handler of type [class org.springframework.web.servlet.resource.ResourceHttpRequestHandler] 
2017:03:11 16:39:35.233 INFO  --- [main] o.s.w.s.h.SimpleUrlHandlerMapping : Mapped URL path [/**] onto handler of type [class org.springframework.web.servlet.resource.ResourceHttpRequestHandler] 
2017:03:11 16:39:35.322 INFO  --- [main] o.s.w.s.h.SimpleUrlHandlerMapping : Mapped URL path [/**/favicon.ico] onto handler of type [class org.springframework.web.servlet.resource.ResourceHttpRequestHandler] 
2017:03:11 16:39:35.914 INFO  --- [main] o.s.j.e.a.AnnotationMBeanExporter : Registering beans for JMX exposure on startup 
2017:03:11 16:39:35.998 INFO  --- [main] o.s.b.c.e.t.TomcatEmbeddedServletContainer : Tomcat started on port(s): 8080 (http) 
2017:03:11 16:39:36.004 INFO  --- [main] me.gomko.SkhuBotApplication : Started SkhuBotApplication in 14.039 seconds (JVM running for 15.109) 
2017:03:11 16:40:00.678 INFO  --- [http-nio-8080-exec-1] o.a.c.c.C.[Tomcat].[localhost].[/] : Initializing Spring FrameworkServlet 'dispatcherServlet' 
2017:03:11 16:40:00.681 INFO  --- [http-nio-8080-exec-1] o.s.web.servlet.DispatcherServlet : FrameworkServlet 'dispatcherServlet': initialization started 
2017:03:11 16:40:00.820 INFO  --- [http-nio-8080-exec-1] o.s.web.servlet.DispatcherServlet : FrameworkServlet 'dispatcherServlet': initialization completed in 138 ms 
2017:03:11 16:40:01.613 INFO  --- [http-nio-8080-exec-1] m.g.a.controller.WebhookController : Received message data: IncomingMessageData[object=page,entry=[Entry[id=250052192015902,time=1458692752478,messaging=[Messaging[sender=MessagingActor[id=996148190503410],recipient=MessagingActor[id=250052192015902],timestamp=1460245672080,message=Message[mid=mid.1460245671959:dad2ec9421b03d6f78,seq=216,text=hello,attachments=[]]]]]]] 
2017:03:11 16:40:01.876 INFO  --- [http-nio-8080-exec-1] m.g.a.m.IncomingMessageHandler : Handle incoming message data: IncomingMessageData[object=page,entry=[Entry[id=250052192015902,time=1458692752478,messaging=[Messaging[sender=MessagingActor[id=996148190503410],recipient=MessagingActor[id=250052192015902],timestamp=1460245672080,message=Message[mid=mid.1460245671959:dad2ec9421b03d6f78,seq=216,text=hello,attachments=[]]]]]]] 
2017:03:11 16:40:01.904 INFO  --- [http-nio-8080-exec-1] m.g.a.m.IncomingMessageHandler : Mapped incoming message: IncomingMessage[object=page,id=250052192015902,time=1458692752478,senderId=996148190503410,recipientId=250052192015902,timestamp=1460245672080,mid=mid.1460245671959:dad2ec9421b03d6f78,seq=216,text=hello,attachments=[]] 
2017:03:11 16:40:02.024 INFO  --- [http-nio-8080-exec-1] o.h.h.i.QueryTranslatorFactoryInitiator : HHH000397: Using ASTQueryTranslatorFactory 
2017:03:11 16:40:02.710 INFO  --- [http-nio-8080-exec-1] m.g.a.m.IncomingMessageHandler : Trying to send message: OutgoingMessage[recipient=OutgoingMessage.MessagingActor[id=250052192015902],message=OutgoingMessage.Message[text=그 질문에 대해서는 아직 잘 모르겠어 공부 해올게 기다려줘!]] 
2017:03:11 16:40:03.996 ERROR --- [http-nio-8080-exec-1] o.a.c.c.C.[.[.[.[dispatcherServlet] : Servlet.service() for servlet [dispatcherServlet] in context with path [] threw exception [Request processing failed; nested exception is org.springframework.web.client.HttpClientErrorException: 400 Bad Request] with root cause 
org.springframework.web.client.HttpClientErrorException: 400 Bad Request
	at org.springframework.web.client.DefaultResponseErrorHandler.handleError(DefaultResponseErrorHandler.java:91)
	at org.springframework.web.client.RestTemplate.handleResponse(RestTemplate.java:700)
	at org.springframework.web.client.RestTemplate.doExecute(RestTemplate.java:653)
	at org.springframework.web.client.RestTemplate.execute(RestTemplate.java:613)
	at org.springframework.web.client.RestTemplate.exchange(RestTemplate.java:531)
	at me.gomko.api.messaging.IncomingMessageHandler.sendTextMessage(IncomingMessageHandler.java:84)
	at me.gomko.api.messaging.IncomingMessageHandler.handleMessage(IncomingMessageHandler.java:60)
	at me.gomko.api.controller.WebhookController.handleMessage(WebhookController.java:41)
	at sun.reflect.NativeMethodAccessorImpl.invoke0(Native Method)
	at sun.reflect.NativeMethodAccessorImpl.invoke(NativeMethodAccessorImpl.java:62)
	at sun.reflect.DelegatingMethodAccessorImpl.invoke(DelegatingMethodAccessorImpl.java:43)
	at java.lang.reflect.Method.invoke(Method.java:483)
	at org.springframework.web.method.support.InvocableHandlerMethod.doInvoke(InvocableHandlerMethod.java:205)
	at org.springframework.web.method.support.InvocableHandlerMethod.invokeForRequest(InvocableHandlerMethod.java:133)
	at org.springframework.web.servlet.mvc.method.annotation.ServletInvocableHandlerMethod.invokeAndHandle(ServletInvocableHandlerMethod.java:116)
	at org.springframework.web.servlet.mvc.method.annotation.RequestMappingHandlerAdapter.invokeHandlerMethod(RequestMappingHandlerAdapter.java:827)
	at org.springframework.web.servlet.mvc.method.annotation.RequestMappingHandlerAdapter.handleInternal(RequestMappingHandlerAdapter.java:738)
	at org.springframework.web.servlet.mvc.method.AbstractHandlerMethodAdapter.handle(AbstractHandlerMethodAdapter.java:85)
	at org.springframework.web.servlet.DispatcherServlet.doDispatch(DispatcherServlet.java:963)
	at org.springframework.web.servlet.DispatcherServlet.doService(DispatcherServlet.java:897)
	at org.springframework.web.servlet.FrameworkServlet.processRequest(FrameworkServlet.java:970)
	at org.springframework.web.servlet.FrameworkServlet.doPost(FrameworkServlet.java:872)
	at javax.servlet.http.HttpServlet.service(HttpServlet.java:648)
	at org.springframework.web.servlet.FrameworkServlet.service(FrameworkServlet.java:846)
	at javax.servlet.http.HttpServlet.service(HttpServlet.java:729)
	at org.apache.catalina.core.ApplicationFilterChain.internalDoFilter(ApplicationFilterChain.java:230)
	at org.apache.catalina.core.ApplicationFilterChain.doFilter(ApplicationFilterChain.java:165)
	at org.apache.tomcat.websocket.server.WsFilter.doFilter(WsFilter.java:52)
	at org.apache.catalina.core.ApplicationFilterChain.internalDoFilter(ApplicationFilterChain.java:192)
	at org.apache.catalina.core.ApplicationFilterChain.doFilter(ApplicationFilterChain.java:165)
	at org.springframework.web.filter.CharacterEncodingFilter.doFilterInternal(CharacterEncodingFilter.java:197)
	at org.springframework.web.filter.OncePerRequestFilter.doFilter(OncePerRequestFilter.java:107)
	at org.apache.catalina.core.ApplicationFilterChain.internalDoFilter(ApplicationFilterChain.java:192)
	at org.apache.catalina.core.ApplicationFilterChain.doFilter(ApplicationFilterChain.java:165)
	at me.gomko.api.controller.filter.CORSFilter.doFilter(CORSFilter.java:32)
	at org.apache.catalina.core.ApplicationFilterChain.internalDoFilter(ApplicationFilterChain.java:192)
	at org.apache.catalina.core.ApplicationFilterChain.doFilter(ApplicationFilterChain.java:165)
	at org.springframework.web.filter.RequestContextFilter.doFilterInternal(RequestContextFilter.java:99)
	at org.springframework.web.filter.OncePerRequestFilter.doFilter(OncePerRequestFilter.java:107)
	at org.apache.catalina.core.ApplicationFilterChain.internalDoFilter(ApplicationFilterChain.java:192)
	at org.apache.catalina.core.ApplicationFilterChain.doFilter(ApplicationFilterChain.java:165)
	at org.springframework.web.filter.HttpPutFormContentFilter.doFilterInternal(HttpPutFormContentFilter.java:105)
	at org.springframework.web.filter.OncePerRequestFilter.doFilter(OncePerRequestFilter.java:107)
	at org.apache.catalina.core.ApplicationFilterChain.internalDoFilter(ApplicationFilterChain.java:192)
	at org.apache.catalina.core.ApplicationFilterChain.doFilter(ApplicationFilterChain.java:165)
	at org.springframework.web.filter.HiddenHttpMethodFilter.doFilterInternal(HiddenHttpMethodFilter.java:81)
	at org.springframework.web.filter.OncePerRequestFilter.doFilter(OncePerRequestFilter.java:107)
	at org.apache.catalina.core.ApplicationFilterChain.internalDoFilter(ApplicationFilterChain.java:192)
	at org.apache.catalina.core.ApplicationFilterChain.doFilter(ApplicationFilterChain.java:165)
	at org.apache.catalina.core.StandardWrapperValve.invoke(StandardWrapperValve.java:198)
	at org.apache.catalina.core.StandardContextValve.invoke(StandardContextValve.java:96)
	at org.apache.catalina.authenticator.AuthenticatorBase.invoke(AuthenticatorBase.java:474)
	at org.apache.catalina.core.StandardHostValve.invoke(StandardHostValve.java:140)
	at org.apache.catalina.valves.ErrorReportValve.invoke(ErrorReportValve.java:79)
	at org.apache.catalina.core.StandardEngineValve.invoke(StandardEngineValve.java:87)
	at org.apache.catalina.connector.CoyoteAdapter.service(CoyoteAdapter.java:349)
	at org.apache.coyote.http11.Http11Processor.service(Http11Processor.java:783)
	at org.apache.coyote.AbstractProcessorLight.process(AbstractProcessorLight.java:66)
	at org.apache.coyote.AbstractProtocol$ConnectionHandler.process(AbstractProtocol.java:798)
	at org.apache.tomcat.util.net.NioEndpoint$SocketProcessor.doRun(NioEndpoint.java:1434)
	at org.apache.tomcat.util.net.SocketProcessorBase.run(SocketProcessorBase.java:49)
	at java.util.concurrent.ThreadPoolExecutor.runWorker(ThreadPoolExecutor.java:1142)
	at java.util.concurrent.ThreadPoolExecutor$Worker.run(ThreadPoolExecutor.java:617)
	at org.apache.tomcat.util.threads.TaskThread$WrappingRunnable.run(TaskThread.java:61)
	at java.lang.Thread.run(Thread.java:745)
